<?xml version="1.0" encoding="UTF-8"?>
<!-- Generated by org.testng.reporters.JUnitXMLReporter -->
<testsuite ignored="0" hostname="bcedbeeced305413258cefcbeadabbbbafeone-0" failures="0" tests="3" name="Surefire test" time="37.252" errors="0" timestamp="2023-09-25T14:16:53 UTC">
  <testcase classname="runner.Testcase2" name="TC_002" time="12.06"/>
  <testcase classname="runner.Testcase3" name="TC_003" time="10.198"/>
  <testcase classname="runner.Testcase1" name="TC_001" time="6.504"/>
</testsuite> <!-- Surefire test -->
