<?xml version="1.0" encoding="UTF-8"?>
<testng-results ignored="0" total="3" passed="3" failed="0" skipped="0">
  <reporter-output>
  </reporter-output>
  <suite started-at="2023-09-25T14:16:16 UTC" name="Surefire suite" finished-at="2023-09-25T14:16:53 UTC" duration-ms="37252">
    <groups>
    </groups>
    <test started-at="2023-09-25T14:16:16 UTC" name="Surefire test" finished-at="2023-09-25T14:16:53 UTC" duration-ms="37252">
      <class name="runner.Testcase1">
        <test-method is-config="true" signature="beforeMethod()[pri:0, instance:runner.Testcase1@5f7b97da]" started-at="2023-09-25T14:16:44 UTC" name="beforeMethod" finished-at="2023-09-25T14:16:46 UTC" duration-ms="2232" status="PASS">
          <reporter-output>
          </reporter-output>
        </test-method> <!-- beforeMethod -->
        <test-method signature="TC_001()[pri:1, instance:runner.Testcase1@5f7b97da]" started-at="2023-09-25T14:16:46 UTC" name="TC_001" finished-at="2023-09-25T14:16:53 UTC" duration-ms="6504" status="PASS">
          <reporter-output>
          </reporter-output>
        </test-method> <!-- TC_001 -->
        <test-method is-config="true" signature="afterMethod()[pri:0, instance:runner.Testcase1@5f7b97da]" started-at="2023-09-25T14:16:53 UTC" name="afterMethod" finished-at="2023-09-25T14:16:53 UTC" duration-ms="175" status="PASS">
          <reporter-output>
          </reporter-output>
        </test-method> <!-- afterMethod -->
      </class> <!-- runner.Testcase1 -->
      <class name="runner.Testcase2">
        <test-method is-config="true" signature="beforeMethod()[pri:0, instance:runner.Testcase2@61ce23ac]" started-at="2023-09-25T14:16:16 UTC" name="beforeMethod" finished-at="2023-09-25T14:16:19 UTC" duration-ms="3224" status="PASS">
          <reporter-output>
          </reporter-output>
        </test-method> <!-- beforeMethod -->
        <test-method signature="TC_002()[pri:2, instance:runner.Testcase2@61ce23ac]" started-at="2023-09-25T14:16:19 UTC" name="TC_002" finished-at="2023-09-25T14:16:31 UTC" duration-ms="12060" status="PASS">
          <reporter-output>
          </reporter-output>
        </test-method> <!-- TC_002 -->
        <test-method is-config="true" signature="afterMethod()[pri:0, instance:runner.Testcase2@61ce23ac]" started-at="2023-09-25T14:16:31 UTC" name="afterMethod" finished-at="2023-09-25T14:16:31 UTC" duration-ms="353" status="PASS">
          <reporter-output>
          </reporter-output>
        </test-method> <!-- afterMethod -->
      </class> <!-- runner.Testcase2 -->
      <class name="runner.Testcase3">
        <test-method is-config="true" signature="beforeMethod()[pri:0, instance:runner.Testcase3@2b5f4d54]" started-at="2023-09-25T14:16:31 UTC" name="beforeMethod" finished-at="2023-09-25T14:16:34 UTC" duration-ms="2325" status="PASS">
          <reporter-output>
          </reporter-output>
        </test-method> <!-- beforeMethod -->
        <test-method signature="TC_003()[pri:3, instance:runner.Testcase3@2b5f4d54]" started-at="2023-09-25T14:16:34 UTC" name="TC_003" finished-at="2023-09-25T14:16:44 UTC" duration-ms="10198" status="PASS">
          <reporter-output>
          </reporter-output>
        </test-method> <!-- TC_003 -->
        <test-method is-config="true" signature="afterMethod()[pri:0, instance:runner.Testcase3@2b5f4d54]" started-at="2023-09-25T14:16:44 UTC" name="afterMethod" finished-at="2023-09-25T14:16:44 UTC" duration-ms="129" status="PASS">
          <reporter-output>
          </reporter-output>
        </test-method> <!-- afterMethod -->
      </class> <!-- runner.Testcase3 -->
    </test> <!-- Surefire test -->
  </suite> <!-- Surefire suite -->
</testng-results>
